0 info it worked if it ends with ok
1 verbose cli [ 'C:\\Program Files\\nodejs\\node.exe',
1 verbose cli   'C:\\Program Files\\nodejs\\node_modules\\npm\\bin\\npm-cli.js',
1 verbose cli   'run',
1 verbose cli   'transpile' ]
2 info using npm@3.10.10
3 info using node@v6.11.3
4 verbose run-script [ 'pretranspile', 'transpile', 'posttranspile' ]
5 info lifecycle dep-checker@0.7.2~pretranspile: dep-checker@0.7.2
6 silly lifecycle dep-checker@0.7.2~pretranspile: no script for pretranspile, continuing
7 info lifecycle dep-checker@0.7.2~transpile: dep-checker@0.7.2
8 verbose lifecycle dep-checker@0.7.2~transpile: unsafe-perm in lifecycle true
9 verbose lifecycle dep-checker@0.7.2~transpile: PATH: C:\Program Files\nodejs\node_modules\npm\bin\node-gyp-bin;C:\temp\dep-checker\node_modules\.bin;C:\ProgramData\Oracle\Java\javapath;C:\WINDOWS\system32;C:\WINDOWS;C:\WINDOWS\System32\Wbem;C:\WINDOWS\System32\WindowsPowerShell\v1.0\;C:\HashiCorp\Vagrant\bin;C:\Program Files (x86)\Skype\Phone\;C:\Program Files\nodejs\;C:\php;C:\composer;C:\Program Files\Git\cmd;C:\Program Files\Git\mingw64\bin;C:\Program Files\Git\usr\bin;C:\Users\a.zienko\AppData\Local\Microsoft\WindowsApps;C:\Users\a.zienko\AppData\Roaming\npm;C:\Users\a.zienko\AppData\Roaming\Composer\vendor\bin
10 verbose lifecycle dep-checker@0.7.2~transpile: CWD: C:\temp\dep-checker
11 silly lifecycle dep-checker@0.7.2~transpile: Args: [ '/d /s /c', 'babel  src --out-dir .//' ]
12 silly lifecycle dep-checker@0.7.2~transpile: Returned: code: 1  signal: null
13 info lifecycle dep-checker@0.7.2~transpile: Failed to exec transpile script
14 verbose stack Error: dep-checker@0.7.2 transpile: `babel  src --out-dir .//`
14 verbose stack Exit status 1
14 verbose stack     at EventEmitter.<anonymous> (C:\Program Files\nodejs\node_modules\npm\lib\utils\lifecycle.js:255:16)
14 verbose stack     at emitTwo (events.js:106:13)
14 verbose stack     at EventEmitter.emit (events.js:191:7)
14 verbose stack     at ChildProcess.<anonymous> (C:\Program Files\nodejs\node_modules\npm\lib\utils\spawn.js:40:14)
14 verbose stack     at emitTwo (events.js:106:13)
14 verbose stack     at ChildProcess.emit (events.js:191:7)
14 verbose stack     at maybeClose (internal/child_process.js:920:16)
14 verbose stack     at Process.ChildProcess._handle.onexit (internal/child_process.js:230:5)
15 verbose pkgid dep-checker@0.7.2
16 verbose cwd C:\temp\dep-checker
17 error Windows_NT 10.0.15063
18 error argv "C:\\Program Files\\nodejs\\node.exe" "C:\\Program Files\\nodejs\\node_modules\\npm\\bin\\npm-cli.js" "run" "transpile"
19 error node v6.11.3
20 error npm  v3.10.10
21 error code ELIFECYCLE
22 error dep-checker@0.7.2 transpile: `babel  src --out-dir .//`
22 error Exit status 1
23 error Failed at the dep-checker@0.7.2 transpile script 'babel  src --out-dir .//'.
23 error Make sure you have the latest version of node.js and npm installed.
23 error If you do, this is most likely a problem with the dep-checker package,
23 error not with npm itself.
23 error Tell the author that this fails on your system:
23 error     babel  src --out-dir .//
23 error You can get information on how to open an issue for this project with:
23 error     npm bugs dep-checker
23 error Or if that isn't available, you can get their info via:
23 error     npm owner ls dep-checker
23 error There is likely additional logging output above.
24 verbose exit [ 1, true ]
